2024-09-11 20:35:48,812 INFO: Sample image exists at: static/uploads/Screenshot_2024-09-06_115912.png [in /home/runner/ColoradoRoadDamageApp/main.py:91]
2024-09-11 20:35:49,232 INFO: Colorado Citizens Project startup [in /home/runner/ColoradoRoadDamageApp/main.py:27]
2024-09-11 20:35:49,936 INFO: Sample image exists at: static/uploads/Screenshot_2024-09-06_115912.png [in /home/runner/ColoradoRoadDamageApp/main.py:91]
2024-09-11 20:35:50,442 INFO: Index route accessed. Total submissions: 3 [in /home/runner/ColoradoRoadDamageApp/main.py:107]
2024-09-11 20:35:50,442 INFO: Submissions on this page: 3 [in /home/runner/ColoradoRoadDamageApp/main.py:108]
2024-09-11 20:35:50,442 INFO: Submission ID: 19, Photo: asphalt-depressions.png, Location: test [in /home/runner/ColoradoRoadDamageApp/main.py:110]
2024-09-11 20:35:50,442 INFO: Submission ID: 18, Photo: Onsite-Support-Services-600x600.png, Location: test [in /home/runner/ColoradoRoadDamageApp/main.py:110]
2024-09-11 20:35:50,443 INFO: Submission ID: 16, Photo: Onsite-Support-Services-600x600.png, Location: test [in /home/runner/ColoradoRoadDamageApp/main.py:110]
2024-09-11 20:36:58,030 INFO: Index route accessed. Total submissions: 3 [in /home/runner/ColoradoRoadDamageApp/main.py:107]
2024-09-11 20:36:58,030 INFO: Submissions on this page: 3 [in /home/runner/ColoradoRoadDamageApp/main.py:108]
2024-09-11 20:36:58,031 INFO: Submission ID: 19, Photo: asphalt-depressions.png, Location: test [in /home/runner/ColoradoRoadDamageApp/main.py:110]
2024-09-11 20:36:58,031 INFO: Submission ID: 18, Photo: Onsite-Support-Services-600x600.png, Location: test [in /home/runner/ColoradoRoadDamageApp/main.py:110]
2024-09-11 20:36:58,031 INFO: Submission ID: 16, Photo: Onsite-Support-Services-600x600.png, Location: test [in /home/runner/ColoradoRoadDamageApp/main.py:110]
2024-09-11 20:37:23,429 INFO: Index route accessed. Total submissions: 3 [in /home/runner/ColoradoRoadDamageApp/main.py:107]
2024-09-11 20:37:23,429 INFO: Submissions on this page: 3 [in /home/runner/ColoradoRoadDamageApp/main.py:108]
2024-09-11 20:37:23,429 INFO: Submission ID: 19, Photo: asphalt-depressions.png, Location: test [in /home/runner/ColoradoRoadDamageApp/main.py:110]
2024-09-11 20:37:23,429 INFO: Submission ID: 18, Photo: Onsite-Support-Services-600x600.png, Location: test [in /home/runner/ColoradoRoadDamageApp/main.py:110]
2024-09-11 20:37:23,430 INFO: Submission ID: 16, Photo: Onsite-Support-Services-600x600.png, Location: test [in /home/runner/ColoradoRoadDamageApp/main.py:110]
2024-09-11 20:37:33,969 INFO: User admin logged in successfully [in /home/runner/ColoradoRoadDamageApp/main.py:181]
2024-09-11 20:37:48,465 INFO: Index route accessed. Total submissions: 0 [in /home/runner/ColoradoRoadDamageApp/main.py:107]
2024-09-11 20:37:48,465 INFO: Submissions on this page: 0 [in /home/runner/ColoradoRoadDamageApp/main.py:108]
2024-09-11 20:38:00,722 INFO: File saved successfully: static/uploads/asphalt-depressions.png [in /home/runner/ColoradoRoadDamageApp/main.py:134]
2024-09-11 20:38:00,839 INFO: New submission added to database: ID 20 [in /home/runner/ColoradoRoadDamageApp/main.py:140]
2024-09-11 20:38:12,617 INFO: Index route accessed. Total submissions: 1 [in /home/runner/ColoradoRoadDamageApp/main.py:107]
2024-09-11 20:38:12,618 INFO: Submissions on this page: 1 [in /home/runner/ColoradoRoadDamageApp/main.py:108]
2024-09-11 20:38:12,618 INFO: Submission ID: 20, Photo: asphalt-depressions.png, Location: Location 1 [in /home/runner/ColoradoRoadDamageApp/main.py:110]
2024-09-11 20:38:40,884 INFO: Index route accessed. Total submissions: 1 [in /home/runner/ColoradoRoadDamageApp/main.py:107]
2024-09-11 20:38:40,884 INFO: Submissions on this page: 1 [in /home/runner/ColoradoRoadDamageApp/main.py:108]
2024-09-11 20:38:40,884 INFO: Submission ID: 20, Photo: asphalt-depressions.png, Location: Location 1 [in /home/runner/ColoradoRoadDamageApp/main.py:110]
2024-09-11 20:38:51,854 INFO: File saved successfully: static/uploads/asphalt-depressions.png [in /home/runner/ColoradoRoadDamageApp/main.py:134]
2024-09-11 20:38:51,960 INFO: New submission added to database: ID 21 [in /home/runner/ColoradoRoadDamageApp/main.py:140]
